\BOOKMARK [1][-]{section.1}{Introduction}{}% 1
\BOOKMARK [2][-]{subsection.1.1}{Importance of Dispersal \046 Connectivity \(90\045\)}{section.1}% 2
\BOOKMARK [2][-]{subsection.1.2}{Advancements in GPS Technology \046 Movement Ecology \(90\045\)}{section.1}% 3
\BOOKMARK [2][-]{subsection.1.3}{Resource Selection \046 Connectivity \(90\045\)}{section.1}% 4
\BOOKMARK [2][-]{subsection.1.4}{Issues with Least-Cost Paths \(90\045\)}{section.1}% 5
\BOOKMARK [2][-]{subsection.1.5}{Issues with Circuit Theory \(90\045\)}{section.1}% 6
\BOOKMARK [2][-]{subsection.1.6}{Issues of Both Methods}{section.1}% 7
\BOOKMARK [2][-]{subsection.1.7}{What about IBMMs? \(90\045\)}{section.1}% 8
\BOOKMARK [2][-]{subsection.1.8}{Step Selection Analysis \(90\045\)}{section.1}% 9
\BOOKMARK [2][-]{subsection.1.9}{Study Species \046 Study Area \(90\045\)}{section.1}% 10
\BOOKMARK [2][-]{subsection.1.10}{Previous Paper \(90\045\)}{section.1}% 11
\BOOKMARK [1][-]{section.2}{Methods}{}% 12
\BOOKMARK [2][-]{subsection.2.1}{Study Area \(90\045\)}{section.2}% 13
\BOOKMARK [2][-]{subsection.2.2}{GPS Relocation Data \(90\045\)}{section.2}% 14
\BOOKMARK [2][-]{subsection.2.3}{Covariates \(90\045\)}{section.2}% 15
\BOOKMARK [2][-]{subsection.2.4}{Movement Model \(80\045\)}{section.2}% 16
\BOOKMARK [2][-]{subsection.2.5}{Dispersal Simulation \(80\045\)}{section.2}% 17
\BOOKMARK [2][-]{subsection.2.6}{Source Points \(90\045\)}{section.2}% 18
\BOOKMARK [2][-]{subsection.2.7}{Convergence \(80\045\)}{section.2}% 19
\BOOKMARK [2][-]{subsection.2.8}{Heatmap \(100\045\)}{section.2}% 20
\BOOKMARK [2][-]{subsection.2.9}{Betweenness \(80\045\)}{section.2}% 21
\BOOKMARK [2][-]{subsection.2.10}{Inter-Patch Connectivity \(80\045\)}{section.2}% 22
\BOOKMARK [1][-]{section.3}{Results}{}% 23
\BOOKMARK [2][-]{subsection.3.1}{Movement Model \(80\045\)}{section.3}% 24
\BOOKMARK [2][-]{subsection.3.2}{Dispersal Simulation \(80\045\)}{section.3}% 25
\BOOKMARK [2][-]{subsection.3.3}{Convergence \(80\045\)}{section.3}% 26
\BOOKMARK [2][-]{subsection.3.4}{Heatmap \(80\045\)}{section.3}% 27
\BOOKMARK [2][-]{subsection.3.5}{Betweenness \(80\045\)}{section.3}% 28
\BOOKMARK [2][-]{subsection.3.6}{Inter-Patch Connectivity \(80\045\)}{section.3}% 29
\BOOKMARK [1][-]{section.4}{Discussion}{}% 30
\BOOKMARK [2][-]{subsection.4.1}{Short Summary \(90\045\)}{section.4}% 31
\BOOKMARK [2][-]{subsection.4.2}{Movement Model \(80 \045\)}{section.4}% 32
\BOOKMARK [2][-]{subsection.4.3}{Simulation \(80\045\)}{section.4}% 33
\BOOKMARK [2][-]{subsection.4.4}{Maps \(70\045\)}{section.4}% 34
\BOOKMARK [2][-]{subsection.4.5}{Related Literature \(80\045\)}{section.4}% 35
\BOOKMARK [2][-]{subsection.4.6}{Benefits \046 Modeling Decisions with ISSF Simulations \(70\045\)}{section.4}% 36
\BOOKMARK [2][-]{subsection.4.7}{Further Considerations \(70\045\)}{section.4}% 37
\BOOKMARK [2][-]{subsection.4.8}{Conclusion \(80\045\)}{section.4}% 38
\BOOKMARK [1][-]{section.5}{Authors' Contributions}{}% 39
\BOOKMARK [1][-]{section.6}{Data Availability}{}% 40
\BOOKMARK [1][-]{section.7}{Acknowledgements}{}% 41
