This is pdfTeX, Version 3.14159265-2.6-1.40.18 (TeX Live 2017/Debian) (preloaded format=pdflatex 2020.2.24)  7 FEB 2022 08:04
entering extended mode
 restricted \write18 enabled.
 file:line:error style messages enabled.
 %&-line parsing enabled.
**TwoPages.tex
(/home/david/ownCloud/University/15. PhD/Chapter_1/04_Manuscript/TwoPages.tex
LaTeX2e <2017-04-15>
Babel <3.18> and hyphenation patterns for 84 language(s) loaded.
(/usr/share/texlive/texmf-dist/tex/latex/base/report.cls
Document Class: report 2014/09/29 v1.4h Standard LaTeX document class
(/usr/share/texlive/texmf-dist/tex/latex/base/size10.clo
File: size10.clo 2014/09/29 v1.4h Standard LaTeX file (size option)
)
\c@part=\count79
\c@chapter=\count80
\c@section=\count81
\c@subsection=\count82
\c@subsubsection=\count83
\c@paragraph=\count84
\c@subparagraph=\count85
\c@figure=\count86
\c@table=\count87
\abovecaptionskip=\skip41
\belowcaptionskip=\skip42
\bibindent=\dimen102
) (/usr/share/texlive/texmf-dist/tex/latex/pdfpages/pdfpages.sty
Package: pdfpages 2017/10/31 v0.5l Insert pages of external PDF documents (AM)
 (/usr/share/texlive/texmf-dist/tex/latex/base/ifthen.sty
Package: ifthen 2014/09/29 v1.1c Standard LaTeX ifthen package (DPC)
) (/usr/share/texlive/texmf-dist/tex/latex/tools/calc.sty
Package: calc 2014/10/28 v4.3 Infix arithmetic (KKT,FJ)
\calc@Acount=\count88
\calc@Bcount=\count89
\calc@Adimen=\dimen103
\calc@Bdimen=\dimen104
\calc@Askip=\skip43
\calc@Bskip=\skip44
LaTeX Info: Redefining \setlength on input line 80.
LaTeX Info: Redefining \addtolength on input line 81.
\calc@Ccount=\count90
\calc@Cskip=\skip45
) (/usr/share/texlive/texmf-dist/tex/latex/eso-pic/eso-pic.sty
Package: eso-pic 2015/07/21 v2.0g eso-pic (RN)
 (/usr/share/texlive/texmf-dist/tex/generic/oberdiek/atbegshi.sty
Package: atbegshi 2016/06/09 v1.18 At begin shipout hook (HO)
 (/usr/share/texlive/texmf-dist/tex/generic/oberdiek/infwarerr.sty
Package: infwarerr 2016/05/16 v1.4 Providing info/warning/error messages (HO)
) (/usr/share/texlive/texmf-dist/tex/generic/oberdiek/ltxcmds.sty
Package: ltxcmds 2016/05/16 v1.23 LaTeX kernel commands for general use (HO)
) (/usr/share/texlive/texmf-dist/tex/generic/oberdiek/ifpdf.sty
Package: ifpdf 2017/03/15 v3.2 Provides the ifpdf switch
)) (/usr/share/texlive/texmf-dist/tex/latex/graphics/keyval.sty
Package: keyval 2014/10/28 v1.15 key=value parser (DPC)
\KV@toks@=\toks14
) (/usr/share/texlive/texmf-dist/tex/latex/xcolor/xcolor.sty
Package: xcolor 2016/05/11 v2.12 LaTeX color extensions (UK)
 (/usr/share/texlive/texmf-dist/tex/latex/graphics-cfg/color.cfg
File: color.cfg 2016/01/02 v1.6 sample color configuration
)
Package xcolor Info: Driver file: pdftex.def on input line 225.
 (/usr/share/texlive/texmf-dist/tex/latex/graphics-def/pdftex.def
File: pdftex.def 2018/01/08 v1.0l Graphics/color driver for pdftex
)
Package xcolor Info: Model `cmy' substituted by `cmy0' on input line 1348.
Package xcolor Info: Model `hsb' substituted by `rgb' on input line 1352.
Package xcolor Info: Model `RGB' extended on input line 1364.
Package xcolor Info: Model `HTML' substituted by `rgb' on input line 1366.
Package xcolor Info: Model `Hsb' substituted by `hsb' on input line 1367.
Package xcolor Info: Model `tHsb' substituted by `hsb' on input line 1368.
Package xcolor Info: Model `HSB' substituted by `hsb' on input line 1369.
Package xcolor Info: Model `Gray' substituted by `gray' on input line 1370.
Package xcolor Info: Model `wave' substituted by `hsb' on input line 1371.
)) (/usr/share/texlive/texmf-dist/tex/latex/graphics/graphicx.sty
Package: graphicx 2017/06/01 v1.1a Enhanced LaTeX Graphics (DPC,SPQR)
 (/usr/share/texlive/texmf-dist/tex/latex/graphics/graphics.sty
Package: graphics 2017/06/25 v1.2c Standard LaTeX Graphics (DPC,SPQR)
 (/usr/share/texlive/texmf-dist/tex/latex/graphics/trig.sty
Package: trig 2016/01/03 v1.10 sin cos tan (DPC)
)
(/usr/share/texlive/texmf-dist/tex/latex/graphics-cfg/graphics.cfg
File: graphics.cfg 2016/06/04 v1.11 sample graphics configuration
)
Package graphics Info: Driver file: pdftex.def on input line 99.
)
\Gin@req@height=\dimen105
\Gin@req@width=\dimen106
)
\AM@pagewidth=\dimen107
\AM@pageheight=\dimen108
 (/usr/share/texlive/texmf-dist/tex/latex/pdfpages/pppdftex.def
File: pppdftex.def 2017/10/31 v0.5l Pdfpages driver for pdfTeX (AM)
)
\AM@pagebox=\box26
\AM@global@opts=\toks15
\AM@toc@title=\toks16
\c@AM@survey=\count91
\AM@templatesizebox=\box27
) (/home/david/ownCloud/University/15. PhD/Chapter_1/04_Manuscript/TwoPages.aux)
\openout1 = `TwoPages.aux'.

LaTeX Font Info:    Checking defaults for OML/cmm/m/it on input line 3.
LaTeX Font Info:    ... okay on input line 3.
LaTeX Font Info:    Checking defaults for T1/cmr/m/n on input line 3.
LaTeX Font Info:    ... okay on input line 3.
LaTeX Font Info:    Checking defaults for OT1/cmr/m/n on input line 3.
LaTeX Font Info:    ... okay on input line 3.
LaTeX Font Info:    Checking defaults for OMS/cmsy/m/n on input line 3.
LaTeX Font Info:    ... okay on input line 3.
LaTeX Font Info:    Checking defaults for OMX/cmex/m/n on input line 3.
LaTeX Font Info:    ... okay on input line 3.
LaTeX Font Info:    Checking defaults for U/cmr/m/n on input line 3.
LaTeX Font Info:    ... okay on input line 3.
\AtBeginShipoutBox=\box28
 (/usr/share/texlive/texmf-dist/tex/context/base/mkii/supp-pdf.mkii
[Loading MPS to PDF converter (version 2006.09.02).]
\scratchcounter=\count92
\scratchdimen=\dimen109
\scratchbox=\box29
\nofMPsegments=\count93
\nofMParguments=\count94
\everyMPshowfont=\toks17
\MPscratchCnt=\count95
\MPscratchDim=\dimen110
\MPnumerator=\count96
\makeMPintoPDFobject=\count97
\everyMPtoPDFconversion=\toks18
) (/usr/share/texlive/texmf-dist/tex/latex/oberdiek/epstopdf-base.sty
Package: epstopdf-base 2016/05/15 v2.6 Base part for package epstopdf
 (/usr/share/texlive/texmf-dist/tex/latex/oberdiek/grfext.sty
Package: grfext 2016/05/16 v1.2 Manage graphics extensions (HO)
 (/usr/share/texlive/texmf-dist/tex/generic/oberdiek/kvdefinekeys.sty
Package: kvdefinekeys 2016/05/16 v1.4 Define keys (HO)
)) (/usr/share/texlive/texmf-dist/tex/latex/oberdiek/kvoptions.sty
Package: kvoptions 2016/05/16 v3.12 Key value format for package options (HO)
 (/usr/share/texlive/texmf-dist/tex/generic/oberdiek/kvsetkeys.sty
Package: kvsetkeys 2016/05/16 v1.17 Key value parser (HO)
 (/usr/share/texlive/texmf-dist/tex/generic/oberdiek/etexcmds.sty
Package: etexcmds 2016/05/16 v1.6 Avoid name clashes with e-TeX commands (HO)
 (/usr/share/texlive/texmf-dist/tex/generic/oberdiek/ifluatex.sty
Package: ifluatex 2016/05/16 v1.4 Provides the ifluatex switch (HO)
Package ifluatex Info: LuaTeX not detected.
)
Package etexcmds Info: Could not find \expanded.
(etexcmds)             That can mean that you are not using pdfTeX 1.50 or
(etexcmds)             that some package has redefined \expanded.
(etexcmds)             In the latter case, load this package earlier.
))) (/usr/share/texlive/texmf-dist/tex/generic/oberdiek/pdftexcmds.sty
Package: pdftexcmds 2018/01/21 v0.26 Utility functions of pdfTeX for LuaTeX (HO)
Package pdftexcmds Info: LuaTeX not detected.
Package pdftexcmds Info: \pdf@primitive is available.
Package pdftexcmds Info: \pdf@ifprimitive is available.
Package pdftexcmds Info: \pdfdraftmode found.
)
Package epstopdf-base Info: Redefining graphics rule for `.eps' on input line 438.
Package grfext Info: Graphics extension search list:
(grfext)             [.pdf,.png,.jpg,.mps,.jpeg,.jbig2,.jb2,.PDF,.PNG,.JPG,.JPEG,.JBIG2,.JB2,.eps]
(grfext)             \AppendGraphicsExtensions on input line 456.
 (/usr/share/texlive/texmf-dist/tex/latex/latexconfig/epstopdf-sys.cfg
File: epstopdf-sys.cfg 2010/07/13 v1.3 Configuration of (r)epstopdf for TeX Live
)) (/usr/share/texlive/texmf-dist/tex/latex/oberdiek/pdflscape.sty
Package: pdflscape 2016/05/14 v0.11 Display of landscape pages in PDF (HO)
 (/usr/share/texlive/texmf-dist/tex/latex/graphics/lscape.sty
Package: lscape 2000/10/22 v3.01 Landscape Pages (DPC)
)
Package pdflscape Info: Auto-detected driver: pdftex on input line 81.
 (/usr/share/texlive/texmf-dist/tex/generic/ifxetex/ifxetex.sty
Package: ifxetex 2010/09/12 v0.6 Provides ifxetex conditional
))
<Manuscript.pdf, id=1, 597.50829pt x 845.0471pt>
File: Manuscript.pdf Graphic file (type pdf)
<use Manuscript.pdf>
Package pdftex.def Info: Manuscript.pdf  used on input line 4.
(pdftex.def)             Requested size: 597.50682pt x 845.04504pt.
File: Manuscript.pdf Graphic file (type pdf)
<use Manuscript.pdf>
Package pdftex.def Info: Manuscript.pdf  used on input line 4.
(pdftex.def)             Requested size: 597.50682pt x 845.04504pt.
<Manuscript.pdf, id=4, page=1, 597.50829pt x 845.0471pt>
File: Manuscript.pdf Graphic file (type pdf)
<use Manuscript.pdf, page 1>
Package pdftex.def Info: Manuscript.pdf , page1 used on input line 4.
(pdftex.def)             Requested size: 597.50682pt x 845.04504pt.
File: Manuscript.pdf Graphic file (type pdf)
<use Manuscript.pdf, page 1>
Package pdftex.def Info: Manuscript.pdf , page1 used on input line 4.
(pdftex.def)             Requested size: 397.48389pt x 562.15558pt.
File: Manuscript.pdf Graphic file (type pdf)
<use Manuscript.pdf, page 1>
Package pdftex.def Info: Manuscript.pdf , page1 used on input line 4.
(pdftex.def)             Requested size: 397.48389pt x 562.15558pt.
File: Manuscript.pdf Graphic file (type pdf)
<use Manuscript.pdf, page 1>
Package pdftex.def Info: Manuscript.pdf , page1 used on input line 4.
(pdftex.def)             Requested size: 397.48389pt x 562.15558pt.
<Manuscript.pdf, id=5, page=2, 597.50829pt x 845.0471pt>
File: Manuscript.pdf Graphic file (type pdf)
<use Manuscript.pdf, page 2>
Package pdftex.def Info: Manuscript.pdf , page2 used on input line 4.
(pdftex.def)             Requested size: 397.48389pt x 562.15558pt.
File: Manuscript.pdf Graphic file (type pdf)
<use Manuscript.pdf, page 2>
Package pdftex.def Info: Manuscript.pdf , page2 used on input line 4.
(pdftex.def)             Requested size: 397.48389pt x 562.15558pt.
File: Manuscript.pdf Graphic file (type pdf)
<use Manuscript.pdf, page 1>
Package pdftex.def Info: Manuscript.pdf , page1 used on input line 4.
(pdftex.def)             Requested size: 397.48389pt x 562.15558pt.
File: Manuscript.pdf Graphic file (type pdf)
<use Manuscript.pdf, page 2>
Package pdftex.def Info: Manuscript.pdf , page2 used on input line 4.
(pdftex.def)             Requested size: 397.48389pt x 562.15558pt.
 [1

 </home/david/ownCloud/University/15. PhD/Chapter_1/04_Manuscript/Manuscript.pdf{/var/lib/texmf/fonts/map/pdftex/updmap/pdftex.map}> </home/david/ownCloud/University/15. PhD/Chapter_1/04_Manuscript/Manuscript.pdf>]
<Manuscript.pdf, id=67, page=3, 597.50829pt x 845.0471pt>
File: Manuscript.pdf Graphic file (type pdf)
<use Manuscript.pdf, page 3>
Package pdftex.def Info: Manuscript.pdf , page3 used on input line 4.
(pdftex.def)             Requested size: 397.48389pt x 562.15558pt.
File: Manuscript.pdf Graphic file (type pdf)
<use Manuscript.pdf, page 3>
Package pdftex.def Info: Manuscript.pdf , page3 used on input line 4.
(pdftex.def)             Requested size: 397.48389pt x 562.15558pt.
<Manuscript.pdf, id=68, page=4, 597.50829pt x 845.0471pt>
File: Manuscript.pdf Graphic file (type pdf)
<use Manuscript.pdf, page 4>
Package pdftex.def Info: Manuscript.pdf , page4 used on input line 4.
(pdftex.def)             Requested size: 397.48389pt x 562.15558pt.
File: Manuscript.pdf Graphic file (type pdf)
<use Manuscript.pdf, page 4>
Package pdftex.def Info: Manuscript.pdf , page4 used on input line 4.
(pdftex.def)             Requested size: 397.48389pt x 562.15558pt.
File: Manuscript.pdf Graphic file (type pdf)
<use Manuscript.pdf, page 3>
Package pdftex.def Info: Manuscript.pdf , page3 used on input line 4.
(pdftex.def)             Requested size: 397.48389pt x 562.15558pt.
File: Manuscript.pdf Graphic file (type pdf)
<use Manuscript.pdf, page 4>
Package pdftex.def Info: Manuscript.pdf , page4 used on input line 4.
(pdftex.def)             Requested size: 397.48389pt x 562.15558pt.
 [2 </home/david/ownCloud/University/15. PhD/Chapter_1/04_Manuscript/Manuscript.pdf> </home/david/ownCloud/University/15. PhD/Chapter_1/04_Manuscript/Manuscript.pdf>]
<Manuscript.pdf, id=77, page=5, 597.50829pt x 845.0471pt>
File: Manuscript.pdf Graphic file (type pdf)
<use Manuscript.pdf, page 5>
Package pdftex.def Info: Manuscript.pdf , page5 used on input line 4.
(pdftex.def)             Requested size: 397.48389pt x 562.15558pt.
File: Manuscript.pdf Graphic file (type pdf)
<use Manuscript.pdf, page 5>
Package pdftex.def Info: Manuscript.pdf , page5 used on input line 4.
(pdftex.def)             Requested size: 397.48389pt x 562.15558pt.
<Manuscript.pdf, id=78, page=6, 597.50829pt x 845.0471pt>
File: Manuscript.pdf Graphic file (type pdf)
<use Manuscript.pdf, page 6>
Package pdftex.def Info: Manuscript.pdf , page6 used on input line 4.
(pdftex.def)             Requested size: 397.48389pt x 562.15558pt.
File: Manuscript.pdf Graphic file (type pdf)
<use Manuscript.pdf, page 6>
Package pdftex.def Info: Manuscript.pdf , page6 used on input line 4.
(pdftex.def)             Requested size: 397.48389pt x 562.15558pt.
File: Manuscript.pdf Graphic file (type pdf)
<use Manuscript.pdf, page 5>
Package pdftex.def Info: Manuscript.pdf , page5 used on input line 4.
(pdftex.def)             Requested size: 397.48389pt x 562.15558pt.
File: Manuscript.pdf Graphic file (type pdf)
<use Manuscript.pdf, page 6>
Package pdftex.def Info: Manuscript.pdf , page6 used on input line 4.
(pdftex.def)             Requested size: 397.48389pt x 562.15558pt.
 [3 </home/david/ownCloud/University/15. PhD/Chapter_1/04_Manuscript/Manuscript.pdf> </home/david/ownCloud/University/15. PhD/Chapter_1/04_Manuscript/Manuscript.pdf>]
<Manuscript.pdf, id=87, page=7, 597.50829pt x 845.0471pt>
File: Manuscript.pdf Graphic file (type pdf)
<use Manuscript.pdf, page 7>
Package pdftex.def Info: Manuscript.pdf , page7 used on input line 4.
(pdftex.def)             Requested size: 397.48389pt x 562.15558pt.
File: Manuscript.pdf Graphic file (type pdf)
<use Manuscript.pdf, page 7>
Package pdftex.def Info: Manuscript.pdf , page7 used on input line 4.
(pdftex.def)             Requested size: 397.48389pt x 562.15558pt.
<Manuscript.pdf, id=88, page=8, 597.50829pt x 845.0471pt>
File: Manuscript.pdf Graphic file (type pdf)
<use Manuscript.pdf, page 8>
Package pdftex.def Info: Manuscript.pdf , page8 used on input line 4.
(pdftex.def)             Requested size: 397.48389pt x 562.15558pt.
File: Manuscript.pdf Graphic file (type pdf)
<use Manuscript.pdf, page 8>
Package pdftex.def Info: Manuscript.pdf , page8 used on input line 4.
(pdftex.def)             Requested size: 397.48389pt x 562.15558pt.
File: Manuscript.pdf Graphic file (type pdf)
<use Manuscript.pdf, page 7>
Package pdftex.def Info: Manuscript.pdf , page7 used on input line 4.
(pdftex.def)             Requested size: 397.48389pt x 562.15558pt.
File: Manuscript.pdf Graphic file (type pdf)
<use Manuscript.pdf, page 8>
Package pdftex.def Info: Manuscript.pdf , page8 used on input line 4.
(pdftex.def)             Requested size: 397.48389pt x 562.15558pt.
 [4 </home/david/ownCloud/University/15. PhD/Chapter_1/04_Manuscript/Manuscript.pdf> </home/david/ownCloud/University/15. PhD/Chapter_1/04_Manuscript/Manuscript.pdf>]
<Manuscript.pdf, id=112, page=9, 597.50829pt x 845.0471pt>
File: Manuscript.pdf Graphic file (type pdf)
<use Manuscript.pdf, page 9>
Package pdftex.def Info: Manuscript.pdf , page9 used on input line 4.
(pdftex.def)             Requested size: 397.48389pt x 562.15558pt.
File: Manuscript.pdf Graphic file (type pdf)
<use Manuscript.pdf, page 9>
Package pdftex.def Info: Manuscript.pdf , page9 used on input line 4.
(pdftex.def)             Requested size: 397.48389pt x 562.15558pt.
<Manuscript.pdf, id=113, page=10, 597.50829pt x 845.0471pt>
File: Manuscript.pdf Graphic file (type pdf)
<use Manuscript.pdf, page 10>
Package pdftex.def Info: Manuscript.pdf , page10 used on input line 4.
(pdftex.def)             Requested size: 397.48389pt x 562.15558pt.
File: Manuscript.pdf Graphic file (type pdf)
<use Manuscript.pdf, page 10>
Package pdftex.def Info: Manuscript.pdf , page10 used on input line 4.
(pdftex.def)             Requested size: 397.48389pt x 562.15558pt.
File: Manuscript.pdf Graphic file (type pdf)
<use Manuscript.pdf, page 9>
Package pdftex.def Info: Manuscript.pdf , page9 used on input line 4.
(pdftex.def)             Requested size: 397.48389pt x 562.15558pt.
File: Manuscript.pdf Graphic file (type pdf)
<use Manuscript.pdf, page 10>
Package pdftex.def Info: Manuscript.pdf , page10 used on input line 4.
(pdftex.def)             Requested size: 397.48389pt x 562.15558pt.
 [5 </home/david/ownCloud/University/15. PhD/Chapter_1/04_Manuscript/Manuscript.pdf> </home/david/ownCloud/University/15. PhD/Chapter_1/04_Manuscript/Manuscript.pdf>]
<Manuscript.pdf, id=122, page=11, 597.50829pt x 845.0471pt>
File: Manuscript.pdf Graphic file (type pdf)
<use Manuscript.pdf, page 11>
Package pdftex.def Info: Manuscript.pdf , page11 used on input line 4.
(pdftex.def)             Requested size: 397.48389pt x 562.15558pt.
File: Manuscript.pdf Graphic file (type pdf)
<use Manuscript.pdf, page 11>
Package pdftex.def Info: Manuscript.pdf , page11 used on input line 4.
(pdftex.def)             Requested size: 397.48389pt x 562.15558pt.
<Manuscript.pdf, id=123, page=12, 597.50829pt x 845.0471pt>
File: Manuscript.pdf Graphic file (type pdf)
<use Manuscript.pdf, page 12>
Package pdftex.def Info: Manuscript.pdf , page12 used on input line 4.
(pdftex.def)             Requested size: 397.48389pt x 562.15558pt.
File: Manuscript.pdf Graphic file (type pdf)
<use Manuscript.pdf, page 12>
Package pdftex.def Info: Manuscript.pdf , page12 used on input line 4.
(pdftex.def)             Requested size: 397.48389pt x 562.15558pt.
File: Manuscript.pdf Graphic file (type pdf)
<use Manuscript.pdf, page 11>
Package pdftex.def Info: Manuscript.pdf , page11 used on input line 4.
(pdftex.def)             Requested size: 397.48389pt x 562.15558pt.
File: Manuscript.pdf Graphic file (type pdf)
<use Manuscript.pdf, page 12>
Package pdftex.def Info: Manuscript.pdf , page12 used on input line 4.
(pdftex.def)             Requested size: 397.48389pt x 562.15558pt.
 [6 </home/david/ownCloud/University/15. PhD/Chapter_1/04_Manuscript/Manuscript.pdf> </home/david/ownCloud/University/15. PhD/Chapter_1/04_Manuscript/Manuscript.pdf>]
<Manuscript.pdf, id=132, page=13, 597.50829pt x 845.0471pt>
File: Manuscript.pdf Graphic file (type pdf)
<use Manuscript.pdf, page 13>
Package pdftex.def Info: Manuscript.pdf , page13 used on input line 4.
(pdftex.def)             Requested size: 397.48389pt x 562.15558pt.
File: Manuscript.pdf Graphic file (type pdf)
<use Manuscript.pdf, page 13>
Package pdftex.def Info: Manuscript.pdf , page13 used on input line 4.
(pdftex.def)             Requested size: 397.48389pt x 562.15558pt.
<Manuscript.pdf, id=133, page=14, 597.50829pt x 845.0471pt>
File: Manuscript.pdf Graphic file (type pdf)
<use Manuscript.pdf, page 14>
Package pdftex.def Info: Manuscript.pdf , page14 used on input line 4.
(pdftex.def)             Requested size: 397.48389pt x 562.15558pt.
File: Manuscript.pdf Graphic file (type pdf)
<use Manuscript.pdf, page 14>
Package pdftex.def Info: Manuscript.pdf , page14 used on input line 4.
(pdftex.def)             Requested size: 397.48389pt x 562.15558pt.
File: Manuscript.pdf Graphic file (type pdf)
<use Manuscript.pdf, page 13>
Package pdftex.def Info: Manuscript.pdf , page13 used on input line 4.
(pdftex.def)             Requested size: 397.48389pt x 562.15558pt.
File: Manuscript.pdf Graphic file (type pdf)
<use Manuscript.pdf, page 14>
Package pdftex.def Info: Manuscript.pdf , page14 used on input line 4.
(pdftex.def)             Requested size: 397.48389pt x 562.15558pt.
 [7 </home/david/ownCloud/University/15. PhD/Chapter_1/04_Manuscript/Manuscript.pdf> </home/david/ownCloud/University/15. PhD/Chapter_1/04_Manuscript/Manuscript.pdf>]
<Manuscript.pdf, id=138, page=15, 597.50829pt x 845.0471pt>
File: Manuscript.pdf Graphic file (type pdf)
<use Manuscript.pdf, page 15>
Package pdftex.def Info: Manuscript.pdf , page15 used on input line 4.
(pdftex.def)             Requested size: 397.48389pt x 562.15558pt.
File: Manuscript.pdf Graphic file (type pdf)
<use Manuscript.pdf, page 15>
Package pdftex.def Info: Manuscript.pdf , page15 used on input line 4.
(pdftex.def)             Requested size: 397.48389pt x 562.15558pt.
<Manuscript.pdf, id=139, page=16, 597.50829pt x 845.0471pt>
File: Manuscript.pdf Graphic file (type pdf)
<use Manuscript.pdf, page 16>
Package pdftex.def Info: Manuscript.pdf , page16 used on input line 4.
(pdftex.def)             Requested size: 397.48389pt x 562.15558pt.
File: Manuscript.pdf Graphic file (type pdf)
<use Manuscript.pdf, page 16>
Package pdftex.def Info: Manuscript.pdf , page16 used on input line 4.
(pdftex.def)             Requested size: 397.48389pt x 562.15558pt.
File: Manuscript.pdf Graphic file (type pdf)
<use Manuscript.pdf, page 15>
Package pdftex.def Info: Manuscript.pdf , page15 used on input line 4.
(pdftex.def)             Requested size: 397.48389pt x 562.15558pt.
File: Manuscript.pdf Graphic file (type pdf)
<use Manuscript.pdf, page 16>
Package pdftex.def Info: Manuscript.pdf , page16 used on input line 4.
(pdftex.def)             Requested size: 397.48389pt x 562.15558pt.
 [8 </home/david/ownCloud/University/15. PhD/Chapter_1/04_Manuscript/Manuscript.pdf> </home/david/ownCloud/University/15. PhD/Chapter_1/04_Manuscript/Manuscript.pdf>]
<Manuscript.pdf, id=143, page=17, 597.50829pt x 845.0471pt>
File: Manuscript.pdf Graphic file (type pdf)
<use Manuscript.pdf, page 17>
Package pdftex.def Info: Manuscript.pdf , page17 used on input line 4.
(pdftex.def)             Requested size: 397.48389pt x 562.15558pt.
File: Manuscript.pdf Graphic file (type pdf)
<use Manuscript.pdf, page 17>
Package pdftex.def Info: Manuscript.pdf , page17 used on input line 4.
(pdftex.def)             Requested size: 397.48389pt x 562.15558pt.
<Manuscript.pdf, id=144, page=18, 597.50829pt x 845.0471pt>
File: Manuscript.pdf Graphic file (type pdf)
<use Manuscript.pdf, page 18>
Package pdftex.def Info: Manuscript.pdf , page18 used on input line 4.
(pdftex.def)             Requested size: 397.48389pt x 562.15558pt.
File: Manuscript.pdf Graphic file (type pdf)
<use Manuscript.pdf, page 18>
Package pdftex.def Info: Manuscript.pdf , page18 used on input line 4.
(pdftex.def)             Requested size: 397.48389pt x 562.15558pt.
File: Manuscript.pdf Graphic file (type pdf)
<use Manuscript.pdf, page 17>
Package pdftex.def Info: Manuscript.pdf , page17 used on input line 4.
(pdftex.def)             Requested size: 397.48389pt x 562.15558pt.
File: Manuscript.pdf Graphic file (type pdf)
<use Manuscript.pdf, page 18>
Package pdftex.def Info: Manuscript.pdf , page18 used on input line 4.
(pdftex.def)             Requested size: 397.48389pt x 562.15558pt.
 [9 </home/david/ownCloud/University/15. PhD/Chapter_1/04_Manuscript/Manuscript.pdf> </home/david/ownCloud/University/15. PhD/Chapter_1/04_Manuscript/Manuscript.pdf>]
<Manuscript.pdf, id=148, page=19, 597.50829pt x 845.0471pt>
File: Manuscript.pdf Graphic file (type pdf)
<use Manuscript.pdf, page 19>
Package pdftex.def Info: Manuscript.pdf , page19 used on input line 4.
(pdftex.def)             Requested size: 397.48389pt x 562.15558pt.
File: Manuscript.pdf Graphic file (type pdf)
<use Manuscript.pdf, page 19>
Package pdftex.def Info: Manuscript.pdf , page19 used on input line 4.
(pdftex.def)             Requested size: 397.48389pt x 562.15558pt.
<Manuscript.pdf, id=149, page=20, 597.50829pt x 845.0471pt>
File: Manuscript.pdf Graphic file (type pdf)
<use Manuscript.pdf, page 20>
Package pdftex.def Info: Manuscript.pdf , page20 used on input line 4.
(pdftex.def)             Requested size: 397.48389pt x 562.15558pt.
File: Manuscript.pdf Graphic file (type pdf)
<use Manuscript.pdf, page 20>
Package pdftex.def Info: Manuscript.pdf , page20 used on input line 4.
(pdftex.def)             Requested size: 397.48389pt x 562.15558pt.
File: Manuscript.pdf Graphic file (type pdf)
<use Manuscript.pdf, page 19>
Package pdftex.def Info: Manuscript.pdf , page19 used on input line 4.
(pdftex.def)             Requested size: 397.48389pt x 562.15558pt.
File: Manuscript.pdf Graphic file (type pdf)
<use Manuscript.pdf, page 20>
Package pdftex.def Info: Manuscript.pdf , page20 used on input line 4.
(pdftex.def)             Requested size: 397.48389pt x 562.15558pt.
 [10 </home/david/ownCloud/University/15. PhD/Chapter_1/04_Manuscript/Manuscript.pdf> </home/david/ownCloud/University/15. PhD/Chapter_1/04_Manuscript/Manuscript.pdf>]
<Manuscript.pdf, id=153, page=21, 597.50829pt x 845.0471pt>
File: Manuscript.pdf Graphic file (type pdf)
<use Manuscript.pdf, page 21>
Package pdftex.def Info: Manuscript.pdf , page21 used on input line 4.
(pdftex.def)             Requested size: 397.48389pt x 562.15558pt.
File: Manuscript.pdf Graphic file (type pdf)
<use Manuscript.pdf, page 21>
Package pdftex.def Info: Manuscript.pdf , page21 used on input line 4.
(pdftex.def)             Requested size: 397.48389pt x 562.15558pt.
<Manuscript.pdf, id=154, page=22, 597.50829pt x 845.0471pt>
File: Manuscript.pdf Graphic file (type pdf)
<use Manuscript.pdf, page 22>
Package pdftex.def Info: Manuscript.pdf , page22 used on input line 4.
(pdftex.def)             Requested size: 397.48389pt x 562.15558pt.
File: Manuscript.pdf Graphic file (type pdf)
<use Manuscript.pdf, page 22>
Package pdftex.def Info: Manuscript.pdf , page22 used on input line 4.
(pdftex.def)             Requested size: 397.48389pt x 562.15558pt.
File: Manuscript.pdf Graphic file (type pdf)
<use Manuscript.pdf, page 21>
Package pdftex.def Info: Manuscript.pdf , page21 used on input line 4.
(pdftex.def)             Requested size: 397.48389pt x 562.15558pt.
File: Manuscript.pdf Graphic file (type pdf)
<use Manuscript.pdf, page 22>
Package pdftex.def Info: Manuscript.pdf , page22 used on input line 4.
(pdftex.def)             Requested size: 397.48389pt x 562.15558pt.
 [11 </home/david/ownCloud/University/15. PhD/Chapter_1/04_Manuscript/Manuscript.pdf> </home/david/ownCloud/University/15. PhD/Chapter_1/04_Manuscript/Manuscript.pdf>]
<Manuscript.pdf, id=158, page=23, 597.50829pt x 845.0471pt>
File: Manuscript.pdf Graphic file (type pdf)
<use Manuscript.pdf, page 23>
Package pdftex.def Info: Manuscript.pdf , page23 used on input line 4.
(pdftex.def)             Requested size: 397.48389pt x 562.15558pt.
File: Manuscript.pdf Graphic file (type pdf)
<use Manuscript.pdf, page 23>
Package pdftex.def Info: Manuscript.pdf , page23 used on input line 4.
(pdftex.def)             Requested size: 397.48389pt x 562.15558pt.
<Manuscript.pdf, id=159, page=24, 597.50829pt x 845.0471pt>
File: Manuscript.pdf Graphic file (type pdf)
<use Manuscript.pdf, page 24>
Package pdftex.def Info: Manuscript.pdf , page24 used on input line 4.
(pdftex.def)             Requested size: 397.48389pt x 562.15558pt.
File: Manuscript.pdf Graphic file (type pdf)
<use Manuscript.pdf, page 24>
Package pdftex.def Info: Manuscript.pdf , page24 used on input line 4.
(pdftex.def)             Requested size: 397.48389pt x 562.15558pt.
File: Manuscript.pdf Graphic file (type pdf)
<use Manuscript.pdf, page 23>
Package pdftex.def Info: Manuscript.pdf , page23 used on input line 4.
(pdftex.def)             Requested size: 397.48389pt x 562.15558pt.
File: Manuscript.pdf Graphic file (type pdf)
<use Manuscript.pdf, page 24>
Package pdftex.def Info: Manuscript.pdf , page24 used on input line 4.
(pdftex.def)             Requested size: 397.48389pt x 562.15558pt.
 [12 </home/david/ownCloud/University/15. PhD/Chapter_1/04_Manuscript/Manuscript.pdf> </home/david/ownCloud/University/15. PhD/Chapter_1/04_Manuscript/Manuscript.pdf>]
<Manuscript.pdf, id=163, page=25, 597.50829pt x 845.0471pt>
File: Manuscript.pdf Graphic file (type pdf)
<use Manuscript.pdf, page 25>
Package pdftex.def Info: Manuscript.pdf , page25 used on input line 4.
(pdftex.def)             Requested size: 397.48389pt x 562.15558pt.
File: Manuscript.pdf Graphic file (type pdf)
<use Manuscript.pdf, page 25>
Package pdftex.def Info: Manuscript.pdf , page25 used on input line 4.
(pdftex.def)             Requested size: 397.48389pt x 562.15558pt.
<Manuscript.pdf, id=164, page=26, 597.50829pt x 845.0471pt>
File: Manuscript.pdf Graphic file (type pdf)
<use Manuscript.pdf, page 26>
Package pdftex.def Info: Manuscript.pdf , page26 used on input line 4.
(pdftex.def)             Requested size: 397.48389pt x 562.15558pt.
File: Manuscript.pdf Graphic file (type pdf)
<use Manuscript.pdf, page 26>
Package pdftex.def Info: Manuscript.pdf , page26 used on input line 4.
(pdftex.def)             Requested size: 397.48389pt x 562.15558pt.
File: Manuscript.pdf Graphic file (type pdf)
<use Manuscript.pdf, page 25>
Package pdftex.def Info: Manuscript.pdf , page25 used on input line 4.
(pdftex.def)             Requested size: 397.48389pt x 562.15558pt.
File: Manuscript.pdf Graphic file (type pdf)
<use Manuscript.pdf, page 26>
Package pdftex.def Info: Manuscript.pdf , page26 used on input line 4.
(pdftex.def)             Requested size: 397.48389pt x 562.15558pt.
 [13 </home/david/ownCloud/University/15. PhD/Chapter_1/04_Manuscript/Manuscript.pdf> </home/david/ownCloud/University/15. PhD/Chapter_1/04_Manuscript/Manuscript.pdf>]
<Manuscript.pdf, id=226, page=27, 597.50829pt x 845.0471pt>
File: Manuscript.pdf Graphic file (type pdf)
<use Manuscript.pdf, page 27>
Package pdftex.def Info: Manuscript.pdf , page27 used on input line 4.
(pdftex.def)             Requested size: 397.48389pt x 562.15558pt.
File: Manuscript.pdf Graphic file (type pdf)
<use Manuscript.pdf, page 27>
Package pdftex.def Info: Manuscript.pdf , page27 used on input line 4.
(pdftex.def)             Requested size: 397.48389pt x 562.15558pt.
<Manuscript.pdf, id=227, page=28, 597.50829pt x 845.0471pt>
File: Manuscript.pdf Graphic file (type pdf)
<use Manuscript.pdf, page 28>
Package pdftex.def Info: Manuscript.pdf , page28 used on input line 4.
(pdftex.def)             Requested size: 397.48389pt x 562.15558pt.
File: Manuscript.pdf Graphic file (type pdf)
<use Manuscript.pdf, page 28>
Package pdftex.def Info: Manuscript.pdf , page28 used on input line 4.
(pdftex.def)             Requested size: 397.48389pt x 562.15558pt.
File: Manuscript.pdf Graphic file (type pdf)
<use Manuscript.pdf, page 27>
Package pdftex.def Info: Manuscript.pdf , page27 used on input line 4.
(pdftex.def)             Requested size: 397.48389pt x 562.15558pt.
File: Manuscript.pdf Graphic file (type pdf)
<use Manuscript.pdf, page 28>
Package pdftex.def Info: Manuscript.pdf , page28 used on input line 4.
(pdftex.def)             Requested size: 397.48389pt x 562.15558pt.
 [14 </home/david/ownCloud/University/15. PhD/Chapter_1/04_Manuscript/Manuscript.pdf> </home/david/ownCloud/University/15. PhD/Chapter_1/04_Manuscript/Manuscript.pdf>]
<Manuscript.pdf, id=258, page=29, 597.50829pt x 845.0471pt>
File: Manuscript.pdf Graphic file (type pdf)
<use Manuscript.pdf, page 29>
Package pdftex.def Info: Manuscript.pdf , page29 used on input line 4.
(pdftex.def)             Requested size: 397.48389pt x 562.15558pt.
File: Manuscript.pdf Graphic file (type pdf)
<use Manuscript.pdf, page 29>
Package pdftex.def Info: Manuscript.pdf , page29 used on input line 4.
(pdftex.def)             Requested size: 397.48389pt x 562.15558pt.
<Manuscript.pdf, id=259, page=30, 597.50829pt x 845.0471pt>
File: Manuscript.pdf Graphic file (type pdf)
<use Manuscript.pdf, page 30>
Package pdftex.def Info: Manuscript.pdf , page30 used on input line 4.
(pdftex.def)             Requested size: 397.48389pt x 562.15558pt.
File: Manuscript.pdf Graphic file (type pdf)
<use Manuscript.pdf, page 30>
Package pdftex.def Info: Manuscript.pdf , page30 used on input line 4.
(pdftex.def)             Requested size: 397.48389pt x 562.15558pt.
File: Manuscript.pdf Graphic file (type pdf)
<use Manuscript.pdf, page 29>
Package pdftex.def Info: Manuscript.pdf , page29 used on input line 4.
(pdftex.def)             Requested size: 397.48389pt x 562.15558pt.
File: Manuscript.pdf Graphic file (type pdf)
<use Manuscript.pdf, page 30>
Package pdftex.def Info: Manuscript.pdf , page30 used on input line 4.
(pdftex.def)             Requested size: 397.48389pt x 562.15558pt.
 [15 </home/david/ownCloud/University/15. PhD/Chapter_1/04_Manuscript/Manuscript.pdf> </home/david/ownCloud/University/15. PhD/Chapter_1/04_Manuscript/Manuscript.pdf>]
<Manuscript.pdf, id=265, page=31, 597.50829pt x 845.0471pt>
File: Manuscript.pdf Graphic file (type pdf)
<use Manuscript.pdf, page 31>
Package pdftex.def Info: Manuscript.pdf , page31 used on input line 4.
(pdftex.def)             Requested size: 397.48389pt x 562.15558pt.
File: Manuscript.pdf Graphic file (type pdf)
<use Manuscript.pdf, page 31>
Package pdftex.def Info: Manuscript.pdf , page31 used on input line 4.
(pdftex.def)             Requested size: 397.48389pt x 562.15558pt.
File: Manuscript.pdf Graphic file (type pdf)
<use Manuscript.pdf, page 1>
Package pdftex.def Info: Manuscript.pdf , page1 used on input line 4.
(pdftex.def)             Requested size: 397.48389pt x 562.15558pt.
File: Manuscript.pdf Graphic file (type pdf)
<use Manuscript.pdf, page 1>
Package pdftex.def Info: Manuscript.pdf , page1 used on input line 4.
(pdftex.def)             Requested size: 397.48389pt x 562.15558pt.
File: Manuscript.pdf Graphic file (type pdf)
<use Manuscript.pdf, page 31>
Package pdftex.def Info: Manuscript.pdf , page31 used on input line 4.
(pdftex.def)             Requested size: 397.48389pt x 562.15558pt.
 [16 </home/david/ownCloud/University/15. PhD/Chapter_1/04_Manuscript/Manuscript.pdf>] (/home/david/ownCloud/University/15. PhD/Chapter_1/04_Manuscript/TwoPages.aux) ) 
Here is how much of TeX's memory you used:
 2837 strings out of 492982
 43032 string characters out of 6134896
 102260 words of memory out of 5000000
 6382 multiletter control sequences out of 15000+600000
 3640 words of font info for 14 fonts, out of 8000000 for 9000
 1141 hyphenation exceptions out of 8191
 41i,18n,46p,275b,433s stack positions out of 5000i,500n,10000p,200000b,80000s
</usr/share/texlive/texmf-dist/fonts/type1/public/amsfonts/cm/cmbx10.pfb></usr/share/texlive/texmf-dist/fonts/type1/public/amsfonts/cm/cmbx12.pfb></usr/share/texlive/texmf-dist/fonts/type1/public/amsfonts/cm/cmbx9.pfb></usr/share/texlive/texmf-dist/fonts/type1/public/amsfonts/cm/cmmi10.pfb></usr/share/texlive/texmf-dist/fonts/type1/public/amsfonts/cm/cmmi5.pfb></usr/share/texlive/texmf-dist/fonts/type1/public/amsfonts/cm/cmmi7.pfb></usr/share/texlive/texmf-dist/fonts/type1/public/amsfonts/cm/cmmi9.pfb></usr/share/texlive/texmf-dist/fonts/type1/public/amsfonts/cm/cmr10.pfb></usr/share/texlive/texmf-dist/fonts/type1/public/amsfonts/cm/cmr12.pfb></usr/share/texlive/texmf-dist/fonts/type1/public/amsfonts/cm/cmr17.pfb></usr/share/texlive/texmf-dist/fonts/type1/public/amsfonts/cm/cmr6.pfb></usr/share/texlive/texmf-dist/fonts/ty
pe1/public/amsfonts/cm/cmr7.pfb></usr/share/texlive/texmf-dist/fonts/type1/public/amsfonts/cm/cmr8.pfb></usr/share/texlive/texmf-dist/fonts/type1/public/amsfonts/cm/cmr9.pfb></usr/share/texlive/texmf-dist/fonts/type1/public/amsfonts/cm/cmss10.pfb></usr/share/texlive/texmf-dist/fonts/type1/public/amsfonts/cm/cmsy10.pfb></usr/share/texlive/texmf-dist/fonts/type1/public/amsfonts/cm/cmsy7.pfb></usr/share/texlive/texmf-dist/fonts/type1/public/amsfonts/cm/cmsy8.pfb></usr/share/texlive/texmf-dist/fonts/type1/public/amsfonts/cm/cmti10.pfb></usr/share/texlive/texmf-dist/fonts/type1/public/amsfonts/cm/cmti9.pfb></usr/share/texlive/texmf-dist/fonts/type1/public/amsfonts/cm/cmtt10.pfb>
Output written on "/home/david/ownCloud/University/15. PhD/Chapter_1/04_Manuscript/TwoPages.pdf" (16 pages, 6875203 bytes).
PDF statistics:
 294 PDF objects out of 1000 (max. 8388607)
 180 compressed objects within 2 object streams
 0 named destinations out of 1000 (max. 500000)
 171 words of extra memory for PDF output out of 10000 (max. 10000000)

