\BOOKMARK [0][-]{chapter.1}{\376\377\000G\000e\000n\000e\000r\000a\000l\000\040\000I\000n\000t\000r\000o\000d\000u\000c\000t\000i\000o\000n}{}% 1
\BOOKMARK [1][-]{section.1.1}{\376\377\000E\000c\000o\000l\000o\000g\000i\000c\000a\000l\000\040\000N\000e\000t\000w\000o\000r\000k\000s\000\040\000i\000n\000\040\000t\000h\000e\000\040\000A\000n\000t\000h\000r\000o\000p\000o\000c\000e\000n\000e}{chapter.1}% 2
\BOOKMARK [1][-]{section.1.2}{\376\377\000D\000i\000s\000p\000e\000r\000s\000a\000l}{chapter.1}% 3
\BOOKMARK [1][-]{section.1.3}{\376\377\000C\000o\000n\000n\000e\000c\000t\000i\000v\000i\000t\000y}{chapter.1}% 4
\BOOKMARK [1][-]{section.1.4}{\376\377\000M\000o\000d\000e\000l\000i\000n\000g\000\040\000C\000o\000n\000n\000e\000c\000t\000i\000v\000i\000t\000y}{chapter.1}% 5
\BOOKMARK [1][-]{section.1.5}{\376\377\000L\000i\000m\000i\000t\000a\000t\000i\000o\000n\000s\000\040\000o\000f\000\040\000C\000u\000r\000r\000e\000n\000t\000\040\000A\000p\000p\000r\000o\000a\000c\000h\000e\000s}{chapter.1}% 6
\BOOKMARK [1][-]{section.1.6}{\376\377\000T\000h\000e\000s\000i\000s\000\040\000G\000o\000a\000l\000s}{chapter.1}% 7
\BOOKMARK [1][-]{section.1.7}{\376\377\000S\000t\000u\000d\000y\000\040\000S\000p\000e\000c\000i\000e\000s}{chapter.1}% 8
\BOOKMARK [1][-]{section.1.8}{\376\377\000S\000t\000u\000d\000y\000\040\000A\000r\000e\000a}{chapter.1}% 9
\BOOKMARK [1][-]{section.1.9}{\376\377\000G\000e\000n\000e\000r\000a\000l\000\040\000M\000e\000t\000h\000o\000d\000s}{chapter.1}% 10
\BOOKMARK [1][-]{section.1.10}{\376\377\000T\000h\000e\000s\000i\000s\000\040\000O\000u\000t\000l\000i\000n\000e}{chapter.1}% 11
\BOOKMARK [0][-]{chapter.2}{\376\377\000A\000\040\000T\000h\000r\000e\000e\000-\000S\000t\000e\000p\000\040\000A\000p\000p\000r\000o\000a\000c\000h\000\040\000f\000o\000r\000\040\000A\000s\000s\000e\000s\000s\000i\000n\000g\000\040\000L\000a\000n\000d\000s\000c\000a\000p\000e\000\040\000C\000o\000n\000n\000e\000c\000t\000i\000v\000i\000t\000y\000\040\000v\000i\000a\000\040\000S\000i\000m\000u\000l\000a\000t\000e\000d\000\040\000D\000i\000s\000p\000e\000r\000s\000a\000l\000:\000\040\000A\000f\000r\000i\000c\000a\000n\000\040\000W\000i\000l\000d\000\040\000D\000o\000g\000\040\000C\000a\000s\000e\000\040\000S\000t\000u\000d\000y}{}% 12
\BOOKMARK [1][-]{section.2.1}{\376\377\000I\000n\000t\000r\000o\000d\000u\000c\000t\000i\000o\000n}{chapter.2}% 13
\BOOKMARK [1][-]{section.2.2}{\376\377\000M\000a\000t\000e\000r\000i\000a\000l\000s\000\040\000a\000n\000d\000\040\000M\000e\000t\000h\000o\000d\000s}{chapter.2}% 14
\BOOKMARK [1][-]{section.2.3}{\376\377\000R\000e\000s\000u\000l\000t\000s}{chapter.2}% 15
\BOOKMARK [1][-]{section.2.4}{\376\377\000D\000i\000s\000c\000u\000s\000s\000i\000o\000n}{chapter.2}% 16
\BOOKMARK [1][-]{chapter*.12}{\376\377\000A\000p\000p\000e\000n\000d\000i\000c\000e\000s}{chapter.2}% 17
\BOOKMARK [1][-]{section.1.2.A}{\376\377\000A\000p\000p\000e\000n\000d\000i\000x\000\040\000C\000a\000n\000d\000i\000d\000a\000t\000e\000\040\000I\000n\000t\000e\000r\000a\000c\000t\000i\000o\000n\000s}{chapter.2}% 18
\BOOKMARK [1][-]{section.1.2.B}{\376\377\000A\000p\000p\000e\000n\000d\000i\000x\000\040\000K\000-\000F\000o\000l\000d\000\040\000C\000r\000o\000s\000s\000\040\000V\000a\000l\000i\000d\000a\000t\000i\000o\000n\000\040\000P\000r\000o\000c\000e\000d\000u\000r\000e}{chapter.2}% 19
\BOOKMARK [1][-]{section.1.2.C}{\376\377\000A\000p\000p\000e\000n\000d\000i\000x\000\040\000S\000o\000u\000r\000c\000e\000\040\000A\000r\000e\000a\000s\000\040\000\046\000\040\000P\000o\000i\000n\000t\000s}{chapter.2}% 20
\BOOKMARK [1][-]{section.1.2.D}{\376\377\000A\000p\000p\000e\000n\000d\000i\000x\000\040\000B\000e\000t\000w\000e\000e\000n\000n\000e\000s\000s\000\040\000M\000a\000p\000s}{chapter.2}% 21
\BOOKMARK [1][-]{section.1.2.E}{\376\377\000A\000p\000p\000e\000n\000d\000i\000x\000\040\000M\000o\000d\000e\000l\000\040\000S\000e\000l\000e\000c\000t\000i\000o\000n\000\040\000R\000e\000s\000u\000l\000t\000s}{chapter.2}% 22
\BOOKMARK [1][-]{section.1.2.F}{\376\377\000A\000p\000p\000e\000n\000d\000i\000x\000\040\000M\000o\000v\000e\000m\000e\000n\000t\000\040\000M\000o\000d\000e\000l}{chapter.2}% 23
\BOOKMARK [1][-]{section.1.2.G}{\376\377\000A\000p\000p\000e\000n\000d\000i\000x\000\040\000M\000o\000v\000e\000m\000e\000n\000t\000\040\000M\000o\000d\000e\000l\000\040\000I\000n\000t\000e\000r\000p\000r\000e\000t\000a\000t\000i\000o\000n}{chapter.2}% 24
\BOOKMARK [1][-]{section.1.2.H}{\376\377\000A\000p\000p\000e\000n\000d\000i\000x\000\040\000C\000o\000n\000v\000e\000r\000g\000e\000n\000c\000e}{chapter.2}% 25
\BOOKMARK [1][-]{section.1.2.I}{\376\377\000A\000p\000p\000e\000n\000d\000i\000x\000\040\000H\000e\000a\000t\000m\000a\000p\000s\000\040\000i\000n\000\040\000R\000e\000l\000a\000t\000i\000o\000n\000\040\000t\000o\000\040\000t\000h\000e\000\040\000N\000u\000m\000b\000e\000r\000\040\000o\000f\000\040\000S\000i\000m\000u\000l\000a\000t\000e\000d\000\040\000S\000t\000e\000p\000s}{chapter.2}% 26
\BOOKMARK [1][-]{section.1.2.J}{\376\377\000A\000p\000p\000e\000n\000d\000i\000x\000\040\000B\000e\000t\000w\000e\000e\000n\000n\000e\000s\000s\000\040\000M\000a\000p\000s\000\040\000i\000n\000\040\000R\000e\000l\000a\000t\000i\000o\000n\000\040\000t\000o\000\040\000t\000h\000e\000\040\000N\000u\000m\000b\000e\000r\000\040\000o\000f\000\040\000S\000i\000m\000u\000l\000a\000t\000e\000d\000\040\000S\000t\000e\000p\000s}{chapter.2}% 27
\BOOKMARK [1][-]{section.1.2.K}{\376\377\000A\000p\000p\000e\000n\000d\000i\000x\000\040\000C\000o\000m\000p\000a\000r\000i\000s\000o\000n\000\040\000o\000f\000\040\000T\000r\000a\000v\000e\000r\000s\000a\000l\000\040\000F\000r\000e\000q\000u\000e\000n\000c\000i\000e\000s\000\040\000a\000n\000d\000\040\000B\000e\000t\000w\000e\000e\000n\000n\000e\000s\000s\000\040\000S\000c\000o\000r\000e\000s\000\040\000I\000n\000s\000i\000d\000e\000\040\000a\000n\000d\000\040\000O\000u\000t\000s\000i\000d\000e\000\040\000K\000A\000Z\000A\000-\000T\000F\000C\000A}{chapter.2}% 28
\BOOKMARK [1][-]{section.1.2.L}{\376\377\000A\000p\000p\000e\000n\000d\000i\000x\000\040\000D\000i\000s\000p\000e\000r\000s\000a\000l\000\040\000i\000n\000t\000o\000\040\000o\000t\000h\000e\000r\000\040\000N\000a\000t\000i\000o\000n\000a\000l\000\040\000P\000a\000r\000k\000s}{chapter.2}% 29
\BOOKMARK [0][-]{appendix.3}{\376\377\000D\000i\000s\000p\000e\000r\000s\000a\000l\000\040\000a\000n\000d\000\040\000C\000o\000n\000n\000e\000c\000t\000i\000v\000i\000t\000y\000\040\000i\000n\000\040\000I\000n\000c\000r\000e\000a\000s\000i\000n\000g\000l\000y\000\040\000E\000x\000t\000r\000e\000m\000e\000\040\000C\000l\000i\000m\000a\000t\000i\000c\000\040\000C\000o\000n\000d\000i\000t\000i\000o\000n\000s}{}% 30
\BOOKMARK [1][-]{section.3.1}{\376\377\000I\000n\000t\000r\000o\000d\000u\000c\000t\000i\000o\000n}{appendix.3}% 31
\BOOKMARK [1][-]{section.3.2}{\376\377\000M\000a\000t\000e\000r\000i\000a\000l\000s\000\040\000a\000n\000d\000\040\000M\000e\000t\000h\000o\000d\000s}{appendix.3}% 32
\BOOKMARK [1][-]{section.3.3}{\376\377\000R\000e\000s\000u\000l\000t\000s}{appendix.3}% 33
\BOOKMARK [1][-]{section.3.4}{\376\377\000D\000i\000s\000c\000u\000s\000s\000i\000o\000n}{appendix.3}% 34
\BOOKMARK [1][-]{appendix*.32}{\376\377\000A\000p\000p\000e\000n\000d\000i\000c\000e\000s}{appendix.3}% 35
\BOOKMARK [1][-]{section.2.3.A}{\376\377\000A\000p\000p\000e\000n\000d\000i\000x\000\040\000D\000i\000s\000p\000e\000r\000s\000a\000l\000\040\000M\000o\000d\000e\000l}{appendix.3}% 36
\BOOKMARK [1][-]{section.2.3.B}{\376\377\000A\000p\000p\000e\000n\000d\000i\000x\000\040\000D\000i\000s\000p\000e\000r\000s\000a\000l\000\040\000M\000o\000d\000e\000l\000\040\000E\000s\000t\000i\000m\000a\000t\000e\000s}{appendix.3}% 37
\BOOKMARK [1][-]{section.2.3.C}{\376\377\000A\000p\000p\000e\000n\000d\000i\000x\000\040\000I\000m\000m\000i\000g\000r\000a\000t\000i\000o\000n\000\040\000\046\000\040\000E\000m\000i\000g\000r\000a\000t\000i\000o\000n\000\040\000b\000y\000\040\000S\000o\000u\000r\000c\000e\000\040\000A\000r\000e\000a}{appendix.3}% 38
\BOOKMARK [1][-]{section.2.3.D}{\376\377\000A\000p\000p\000e\000n\000d\000i\000x\000\040\000S\000o\000u\000r\000c\000e\000-\000S\000p\000e\000c\000i\000f\000i\000c\000\040\000I\000n\000t\000e\000r\000-\000P\000a\000t\000c\000h\000\040\000C\000o\000n\000n\000e\000c\000t\000i\000v\000i\000t\000y}{appendix.3}% 39
\BOOKMARK [1][-]{section.2.3.E}{\376\377\000A\000p\000p\000e\000n\000d\000i\000x\000\040\000D\000i\000s\000p\000e\000r\000s\000a\000l\000\040\000i\000n\000t\000o\000\040\000E\000g\000r\000e\000s\000s\000i\000o\000n\000\040\000Z\000o\000n\000e\000s}{appendix.3}% 40
\BOOKMARK [1][-]{section.2.3.F}{\376\377\000A\000p\000p\000e\000n\000d\000i\000x\000\040\000S\000o\000u\000r\000c\000e\000-\000S\000p\000e\000c\000i\000f\000i\000c\000\040\000I\000n\000t\000e\000n\000s\000i\000t\000y\000\040\000o\000f\000\040\000U\000s\000e}{appendix.3}% 41
\BOOKMARK [1][-]{section.2.3.G}{\376\377\000A\000p\000p\000e\000n\000d\000i\000x\000\040\000S\000o\000u\000r\000c\000e\000-\000S\000p\000e\000c\000i\000f\000i\000c\000\040\000B\000e\000t\000w\000e\000e\000n\000n\000e\000s\000s}{appendix.3}% 42
\BOOKMARK [1][-]{section.2.3.H}{\376\377\000A\000p\000p\000e\000n\000d\000i\000x\000\040\000S\000o\000u\000r\000c\000e\000-\000S\000p\000e\000c\000i\000f\000i\000c\000\040\000H\000u\000m\000a\000n\000-\000W\000i\000l\000d\000l\000i\000f\000e\000\040\000C\000o\000n\000f\000l\000i\000c\000t}{appendix.3}% 43
\BOOKMARK [1][-]{section.2.3.I}{\376\377\000A\000p\000p\000e\000n\000d\000i\000x\000\040\000C\000h\000a\000n\000g\000e\000s\000\040\000i\000n\000\040\000P\000o\000t\000e\000n\000t\000i\000a\000l\000\040\000f\000o\000r\000\040\000H\000u\000m\000a\000n\000-\000W\000i\000l\000d\000l\000i\000f\000e\000\040\000I\000n\000t\000e\000r\000a\000c\000t\000i\000o\000n\000s}{appendix.3}% 44
\BOOKMARK [1][-]{section.2.3.J}{\376\377\000A\000p\000p\000e\000n\000d\000i\000x\000\040\000A\000l\000t\000e\000r\000n\000a\000t\000i\000v\000e\000\040\000A\000p\000p\000r\000o\000a\000c\000h\000\040\000t\000o\000\040\000M\000a\000p\000\040\000P\000o\000t\000e\000n\000t\000i\000a\000l\000\040\000H\000u\000m\000a\000n\000-\000W\000i\000l\000d\000l\000i\000f\000e\000\040\000I\000n\000t\000e\000r\000a\000c\000t\000i\000o\000n\000s}{appendix.3}% 45
\BOOKMARK [0][-]{appendix.4}{\376\377\000T\000h\000e\000\040\000E\000f\000f\000e\000c\000t\000s\000\040\000o\000f\000\040\000I\000n\000c\000r\000e\000a\000s\000i\000n\000g\000\040\000S\000e\000a\000s\000o\000n\000a\000l\000\040\000D\000y\000n\000a\000m\000i\000s\000m\000\040\000w\000h\000e\000n\000\040\000P\000r\000e\000d\000i\000c\000t\000i\000n\000g\000\040\000C\000o\000n\000n\000e\000c\000t\000i\000v\000i\000t\000y\000:\000\040\000A\000d\000v\000a\000n\000t\000a\000g\000e\000s\000\040\000o\000r\000\040\000U\000n\000n\000e\000c\000e\000s\000s\000a\000r\000y\000\040\000C\000o\000m\000p\000l\000i\000c\000a\000t\000i\000o\000n\000s\000?}{}% 46
\BOOKMARK [1][-]{section.4.1}{\376\377\000I\000n\000t\000r\000o\000d\000u\000c\000t\000i\000o\000n}{appendix.4}% 47
\BOOKMARK [1][-]{section.4.2}{\376\377\000M\000e\000t\000h\000o\000d\000s}{appendix.4}% 48
\BOOKMARK [1][-]{section.4.3}{\376\377\000R\000e\000s\000u\000l\000t\000s}{appendix.4}% 49
\BOOKMARK [1][-]{section.4.4}{\376\377\000D\000i\000s\000c\000u\000s\000s\000i\000o\000n}{appendix.4}% 50
\BOOKMARK [1][-]{appendix*.52}{\376\377\000A\000p\000p\000e\000n\000d\000i\000c\000e\000s}{appendix.4}% 51
\BOOKMARK [1][-]{section.3.4.A}{\376\377\000A\000p\000p\000e\000n\000d\000i\000x\000\040\000P\000a\000n\000\040\000M\000a\000p\000p\000i\000n\000g}{appendix.4}% 52
\BOOKMARK [1][-]{section.3.4.B}{\376\377\000A\000p\000p\000e\000n\000d\000i\000x\000\040\000M\000o\000o\000n\000\040\000I\000l\000l\000u\000m\000i\000n\000a\000t\000i\000o\000n}{appendix.4}% 53
\BOOKMARK [1][-]{section.3.4.C}{\376\377\000A\000p\000p\000e\000n\000d\000i\000x\000\040\000L\000i\000g\000h\000t\000-\000T\000y\000p\000e}{appendix.4}% 54
\BOOKMARK [1][-]{section.3.4.D}{\376\377\000A\000p\000p\000e\000n\000d\000i\000x\000\040\000M\000o\000v\000e\000m\000e\000n\000t\000\040\000M\000o\000d\000e\000l\000\040\000R\000e\000s\000u\000l\000t\000s}{appendix.4}% 55
\BOOKMARK [1][-]{section.3.4.E}{\376\377\000A\000p\000p\000e\000n\000d\000i\000x\000\040\000N\000u\000m\000b\000e\000r\000\040\000o\000f\000\040\000R\000a\000n\000d\000o\000m\000\040\000S\000t\000e\000p\000s}{appendix.4}% 56
\BOOKMARK [1][-]{section.3.4.F}{\376\377\000A\000p\000p\000e\000n\000d\000i\000x\000\040\000M\000o\000d\000e\000l\000\040\000I\000n\000t\000e\000r\000p\000r\000e\000t\000a\000t\000i\000o\000n}{appendix.4}% 57
\BOOKMARK [1][-]{section.3.4.G}{\376\377\000A\000p\000p\000e\000n\000d\000i\000x\000\040\000S\000p\000e\000a\000r\000m\000a\000n\000'\000s\000\040\000R\000a\000n\000k\000\040\000C\000o\000r\000r\000e\000l\000a\000t\000i\000o\000n\000\040\000i\000n\000\040\000R\000e\000l\000a\000t\000i\000o\000n\000\040\000t\000o\000\040\000t\000h\000e\000\040\000N\000u\000m\000b\000e\000r\000\040\000o\000f\000\040\000R\000a\000n\000d\000o\000m\000\040\000S\000t\000e\000p\000s}{appendix.4}% 58
\BOOKMARK [0][-]{appendix.5}{\376\377\000M\000e\000t\000h\000o\000d\000s\000\040\000f\000o\000r\000\040\000I\000m\000p\000l\000e\000m\000e\000n\000t\000i\000n\000g\000\040\000I\000n\000t\000e\000g\000r\000a\000t\000e\000d\000\040\000S\000t\000e\000p\000-\000S\000e\000l\000e\000c\000t\000i\000o\000n\000\040\000F\000u\000n\000c\000t\000i\000o\000n\000s\000\040\000w\000i\000t\000h\000\040\000I\000n\000c\000o\000m\000p\000l\000e\000t\000e\000\040\000D\000a\000t\000a}{}% 59
\BOOKMARK [1][-]{section.5.1}{\376\377\000I\000n\000t\000r\000o\000d\000u\000c\000t\000i\000o\000n}{appendix.5}% 60
\BOOKMARK [1][-]{section.5.2}{\376\377\000M\000a\000t\000e\000r\000i\000a\000l\000s\000\040\000a\000n\000d\000\040\000M\000e\000t\000h\000o\000d\000s}{appendix.5}% 61
\BOOKMARK [1][-]{section.5.3}{\376\377\000R\000e\000s\000u\000l\000t\000s}{appendix.5}% 62
\BOOKMARK [1][-]{section.5.4}{\376\377\000C\000a\000s\000e\000\040\000S\000t\000u\000d\000y}{appendix.5}% 63
\BOOKMARK [1][-]{section.5.5}{\376\377\000D\000i\000s\000c\000u\000s\000s\000i\000o\000n}{appendix.5}% 64
\BOOKMARK [1][-]{appendix*.84}{\376\377\000A\000p\000p\000e\000n\000d\000i\000c\000e\000s}{appendix.5}% 65
\BOOKMARK [1][-]{section.4.5.A}{\376\377\000A\000p\000p\000e\000n\000d\000i\000x\000\040\000L\000a\000n\000d\000s\000c\000a\000p\000e\000\040\000S\000i\000m\000u\000l\000a\000t\000i\000o\000n\000:\000\040\000D\000i\000f\000f\000e\000r\000e\000n\000t\000\040\000A\000u\000t\000o\000c\000o\000r\000r\000e\000l\000a\000t\000i\000o\000n\000\040\000S\000c\000e\000n\000a\000r\000i\000o\000s}{appendix.5}% 66
\BOOKMARK [1][-]{section.4.5.B}{\376\377\000A\000p\000p\000e\000n\000d\000i\000x\000\040\000D\000y\000n\000a\000m\000i\000c\000\040\000T\000e\000n\000t\000a\000t\000i\000v\000e\000\040\000D\000i\000s\000t\000r\000i\000b\000u\000t\000i\000o\000n\000\040\000P\000a\000r\000a\000m\000e\000t\000e\000r\000s}{appendix.5}% 67
\BOOKMARK [1][-]{section.4.5.C}{\376\377\000A\000p\000p\000e\000n\000d\000i\000x\000\040\000D\000i\000s\000t\000r\000i\000b\000u\000t\000i\000o\000n\000\040\000o\000f\000\040\000R\000e\000l\000a\000t\000i\000v\000e\000\040\000T\000u\000r\000n\000i\000n\000g\000\040\000A\000n\000g\000l\000e\000s\000\040\000f\000o\000l\000l\000o\000w\000i\000n\000g\000\040\000D\000i\000f\000f\000e\000r\000e\000n\000t\000\040\000S\000t\000e\000p\000\040\000D\000u\000r\000a\000t\000i\000o\000n\000s}{appendix.5}% 68
\BOOKMARK [1][-]{section.4.5.D}{\376\377\000A\000p\000p\000e\000n\000d\000i\000x\000\040\000M\000o\000d\000e\000l\000\040\000E\000s\000t\000i\000m\000a\000t\000e\000s\000\040\000a\000c\000r\000o\000s\000s\000\040\000a\000l\000l\000\040\000S\000c\000e\000n\000a\000r\000i\000o\000s}{appendix.5}% 69
\BOOKMARK [1][-]{section.4.5.E}{\376\377\000A\000p\000p\000e\000n\000d\000i\000x\000\040\000C\000a\000s\000e\000\040\000S\000t\000u\000d\000y\000\040\000C\000o\000v\000a\000r\000i\000a\000t\000e\000s}{appendix.5}% 70
\BOOKMARK [1][-]{section.4.5.F}{\376\377\000A\000p\000p\000e\000n\000d\000i\000x\000\040\000C\000a\000s\000e\000\040\000S\000t\000u\000d\000y\000\040\000M\000o\000d\000e\000l\000\040\000O\000u\000t\000p\000u\000t}{appendix.5}% 71
\BOOKMARK [0][-]{appendix.6}{\376\377\000G\000e\000n\000e\000r\000a\000l\000\040\000D\000i\000s\000c\000u\000s\000s\000i\000o\000n}{}% 72
\BOOKMARK [1][-]{section.6.1}{\376\377\000A\000\040\000F\000r\000e\000s\000h\000\040\000T\000a\000k\000e\000\040\000o\000n\000\040\000C\000o\000n\000n\000e\000c\000t\000i\000v\000i\000t\000y}{appendix.6}% 73
\BOOKMARK [1][-]{section.6.2}{\376\377\000C\000o\000n\000s\000e\000r\000v\000a\000t\000i\000o\000n\000\040\000I\000n\000s\000i\000g\000h\000t\000s}{appendix.6}% 74
\BOOKMARK [1][-]{section.6.3}{\376\377\000M\000e\000t\000h\000o\000d\000o\000l\000o\000g\000i\000c\000a\000l\000\040\000C\000o\000n\000s\000i\000d\000e\000r\000a\000t\000i\000o\000n\000s\000\040\000a\000n\000d\000\040\000L\000i\000m\000i\000t\000a\000t\000i\000o\000n\000s}{appendix.6}% 75
\BOOKMARK [1][-]{section.6.4}{\376\377\000E\000c\000o\000l\000o\000g\000i\000c\000a\000l\000\040\000C\000o\000n\000s\000i\000d\000e\000r\000a\000t\000i\000o\000n\000s\000\040\000a\000n\000d\000\040\000L\000i\000m\000i\000t\000a\000t\000i\000o\000n\000s}{appendix.6}% 76
\BOOKMARK [1][-]{section.6.5}{\376\377\000C\000o\000n\000c\000l\000u\000s\000i\000o\000n}{appendix.6}% 77
\BOOKMARK [0][-]{appendix*.94}{\376\377\000A\000c\000k\000n\000o\000w\000l\000e\000d\000g\000e\000m\000e\000n\000t\000s}{}% 78
\BOOKMARK [0][-]{appendix.5.}{\376\377\000A\000p\000p\000e\000n\000d\000i\000x\000\040\000A\000d\000d\000i\000t\000i\000o\000n\000a\000l\000\040\000W\000o\000r\000k\000s}{}% 79
\BOOKMARK [1][-]{section.5..1}{\376\377\000C\000a\000m\000e\000r\000a\000t\000r\000a\000p\000\040\000S\000u\000r\000v\000e\000y}{appendix.5.}% 80
\BOOKMARK [1][-]{section.5..2}{\376\377\000S\000u\000p\000e\000r\000v\000i\000s\000e\000d\000\040\000T\000h\000e\000s\000e\000s}{appendix.5.}% 81
\BOOKMARK [1][-]{section.5..3}{\376\377\000R\000-\000P\000a\000c\000k\000a\000g\000e\000s}{appendix.5.}% 82
\BOOKMARK [0][-]{appendix*.99}{\376\377\000R\000e\000f\000e\000r\000e\000n\000c\000e\000s}{}% 83
