\BOOKMARK [1][-]{section.1}{\376\377\000I\000n\000t\000r\000o\000d\000u\000c\000t\000i\000o\000n}{}% 1
\BOOKMARK [1][-]{section.2}{\376\377\000M\000a\000t\000e\000r\000i\000a\000l\000s\000\040\000a\000n\000d\000\040\000M\000e\000t\000h\000o\000d\000s}{}% 2
\BOOKMARK [2][-]{subsection.2.1}{\376\377\000S\000t\000u\000d\000y\000\040\000A\000r\000e\000a}{section.2}% 3
\BOOKMARK [2][-]{subsection.2.2}{\376\377\000S\000p\000a\000t\000i\000a\000l\000\040\000H\000a\000b\000i\000t\000a\000t\000\040\000L\000a\000y\000e\000r\000s}{section.2}% 4
\BOOKMARK [2][-]{subsection.2.3}{\376\377\000S\000o\000u\000r\000c\000e\000\040\000A\000r\000e\000a\000s\000\040\000a\000n\000d\000\040\000E\000g\000r\000e\000s\000s\000i\000o\000n\000\040\000Z\000o\000n\000e\000s}{section.2}% 5
\BOOKMARK [2][-]{subsection.2.4}{\376\377\000D\000i\000s\000p\000e\000r\000s\000a\000l\000\040\000S\000i\000m\000u\000l\000a\000t\000i\000o\000n}{section.2}% 6
\BOOKMARK [2][-]{subsection.2.5}{\376\377\000D\000e\000r\000i\000v\000e\000d\000\040\000M\000e\000t\000r\000i\000c\000s}{section.2}% 7
\BOOKMARK [3][-]{subsubsection.2.5.1}{\376\377\000I\000n\000t\000e\000r\000-\000P\000a\000t\000c\000h\000\040\000C\000o\000n\000n\000e\000c\000t\000i\000v\000i\000t\000y}{subsection.2.5}% 8
\BOOKMARK [3][-]{subsubsection.2.5.2}{\376\377\000I\000n\000t\000e\000n\000s\000i\000t\000y\000\040\000o\000f\000\040\000U\000s\000e}{subsection.2.5}% 9
\BOOKMARK [3][-]{subsubsection.2.5.3}{\376\377\000B\000e\000t\000w\000e\000e\000n\000n\000e\000s\000s}{subsection.2.5}% 10
\BOOKMARK [3][-]{subsubsection.2.5.4}{\376\377\000H\000u\000m\000a\000n\000-\000W\000i\000l\000d\000l\000i\000f\000e\000\040\000C\000o\000n\000f\000l\000i\000c\000t}{subsection.2.5}% 11
\BOOKMARK [2][-]{subsection.2.6}{\376\377\000S\000o\000f\000t\000w\000a\000r\000e}{section.2}% 12
\BOOKMARK [1][-]{section.3}{\376\377\000R\000e\000s\000u\000l\000t\000s}{}% 13
\BOOKMARK [2][-]{subsection.3.1}{\376\377\000I\000n\000t\000e\000r\000-\000P\000a\000t\000c\000h\000\040\000C\000o\000n\000n\000e\000c\000t\000i\000v\000i\000t\000y}{section.3}% 14
\BOOKMARK [2][-]{subsection.3.2}{\376\377\000I\000n\000t\000e\000n\000s\000i\000t\000y\000\040\000o\000f\000\040\000U\000s\000e}{section.3}% 15
\BOOKMARK [2][-]{subsection.3.3}{\376\377\000B\000e\000t\000w\000e\000e\000n\000n\000e\000s\000s}{section.3}% 16
\BOOKMARK [2][-]{subsection.3.4}{\376\377\000H\000u\000m\000a\000n\000-\000W\000i\000l\000d\000l\000i\000f\000e\000\040\000C\000o\000n\000f\000l\000i\000c\000t}{section.3}% 17
\BOOKMARK [1][-]{section.4}{\376\377\000D\000i\000s\000c\000u\000s\000s\000i\000o\000n}{}% 18
\BOOKMARK [2][-]{subsection.4.1}{\376\377\000I\000m\000p\000a\000c\000t\000s\000\040\000o\000f\000\040\000E\000x\000t\000r\000e\000m\000e\000\040\000E\000n\000v\000i\000r\000o\000n\000m\000e\000n\000t\000a\000l\000\040\000C\000o\000n\000d\000i\000t\000i\000o\000n\000s\000\040\000o\000n\000\040\000D\000i\000s\000p\000e\000r\000s\000a\000l}{section.4}% 19
\BOOKMARK [2][-]{subsection.4.2}{\376\377\000H\000u\000m\000a\000n\000-\000W\000i\000l\000d\000l\000i\000f\000e\000\040\000C\000o\000n\000f\000l\000i\000c\000t}{section.4}% 20
\BOOKMARK [2][-]{subsection.4.3}{\376\377\000M\000e\000t\000h\000o\000d\000o\000l\000o\000g\000i\000c\000a\000l\000\040\000L\000i\000m\000i\000t\000a\000t\000i\000o\000n\000s\000\040\000a\000n\000d\000\040\000F\000u\000t\000u\000r\000e\000\040\000R\000e\000s\000e\000a\000r\000c\000h\000\040\000D\000i\000r\000e\000c\000t\000i\000o\000n\000s}{section.4}% 21
\BOOKMARK [2][-]{subsection.4.4}{\376\377\000C\000o\000n\000c\000l\000u\000s\000i\000o\000n\000\040\000a\000n\000d\000\040\000I\000m\000p\000l\000i\000c\000a\000t\000i\000o\000n\000s}{section.4}% 22
\BOOKMARK [1][-]{section.5}{\376\377\000A\000u\000t\000h\000o\000r\000s\000'\000\040\000C\000o\000n\000t\000r\000i\000b\000u\000t\000i\000o\000n\000s}{}% 23
\BOOKMARK [1][-]{section.6}{\376\377\000D\000a\000t\000a\000\040\000A\000v\000a\000i\000l\000a\000b\000i\000l\000i\000t\000y}{}% 24
\BOOKMARK [1][-]{section.7}{\376\377\000A\000c\000k\000n\000o\000w\000l\000e\000d\000g\000e\000m\000e\000n\000t\000s}{}% 25
