\BOOKMARK [1][-]{section.1}{Introduction}{}% 1
\BOOKMARK [2][-]{subsection.1.1}{Climate Change}{section.1}% 2
\BOOKMARK [2][-]{subsection.1.2}{Dispersal Depends on Climate Change}{section.1}% 3
\BOOKMARK [2][-]{subsection.1.3}{Lack of Knowledge}{section.1}% 4
\BOOKMARK [2][-]{subsection.1.4}{Connectivity}{section.1}% 5
\BOOKMARK [2][-]{subsection.1.5}{Okavango Delta and African Wild Dogs}{section.1}% 6
\BOOKMARK [2][-]{subsection.1.6}{Our Study}{section.1}% 7
\BOOKMARK [1][-]{section.2}{Materials and Methods}{}% 8
\BOOKMARK [2][-]{subsection.2.1}{Study Area}{section.2}% 9
\BOOKMARK [2][-]{subsection.2.2}{Spatial Habitat Layers}{section.2}% 10
\BOOKMARK [2][-]{subsection.2.3}{Dispersal Model}{section.2}% 11
\BOOKMARK [2][-]{subsection.2.4}{Source Areas and Emigration Zones}{section.2}% 12
\BOOKMARK [2][-]{subsection.2.5}{Dispersal Simulation}{section.2}% 13
\BOOKMARK [2][-]{subsection.2.6}{Dispersal Prospects and Connectivity}{section.2}% 14
\BOOKMARK [1][-]{section.3}{Results}{}% 15
\BOOKMARK [2][-]{subsection.3.1}{General}{section.3}% 16
\BOOKMARK [2][-]{subsection.3.2}{Heatmaps}{section.3}% 17
\BOOKMARK [2][-]{subsection.3.3}{Betweenness}{section.3}% 18
\BOOKMARK [2][-]{subsection.3.4}{Inter-Patch Connectivity}{section.3}% 19
\BOOKMARK [1][-]{section.4}{Discussion}{}% 20
\BOOKMARK [2][-]{subsection.4.1}{Conclusion}{section.4}% 21
\BOOKMARK [1][-]{section.5}{Authors' Contributions}{}% 22
\BOOKMARK [1][-]{section.6}{Data Availability}{}% 23
\BOOKMARK [1][-]{section.7}{Acknowledgements}{}% 24
